<?xml version="1.0" encoding="UTF-8"?>
<!-- Generated by org.testng.reporters.JUnitReportReporter -->
<testsuite skipped="0" hostname="MichaelVu-PC" name="functionaltests.FindMyNextElectionPageEnterAddress" tests="10" failures="0" timestamp="2019-10-13T19:39:21 EDT" time="40.203" errors="1">
  <testcase name="fillInOnlyStreet2Field" time="3.805" classname="functionaltests.FindMyNextElectionPageEnterAddress"/>
  <testcase name="fillInOnlyStreetField" time="4.215" classname="functionaltests.FindMyNextElectionPageEnterAddress"/>
  <testcase name="fillInOnlyCityField" time="3.922" classname="functionaltests.FindMyNextElectionPageEnterAddress"/>
  <testcase name="fillInOnlyStateField" time="3.825" classname="functionaltests.FindMyNextElectionPageEnterAddress"/>
  <testcase name="fillInOnlyStateField" time="5.126" classname="functionaltests.FindMyNextElectionPageEnterAddress">
    <error type="org.openqa.selenium.NoSuchElementException" message="Cannot locate element with text: asdfadsf
For documentation on this error, please visit: https://www.seleniumhq.org/exceptions/no_such_element.html
Build info: version: &#039;3.141.59&#039;, revision: &#039;e82be7d358&#039;, time: &#039;2018-11-14T08:17:03&#039;
System info: host: &#039;MICHAELVU-PC&#039;, ip: &#039;192.168.1.12&#039;, os.name: &#039;Windows 10&#039;, os.arch: &#039;amd64&#039;, os.version: &#039;10.0&#039;, java.version: &#039;1.8.0_212&#039;
Driver info: driver.version: unknown">
      <![CDATA[org.openqa.selenium.NoSuchElementException: Cannot locate element with text: asdfadsf
For documentation on this error, please visit: https://www.seleniumhq.org/exceptions/no_such_element.html
Build info: version: '3.141.59', revision: 'e82be7d358', time: '2018-11-14T08:17:03'
System info: host: 'MICHAELVU-PC', ip: '192.168.1.12', os.name: 'Windows 10', os.arch: 'amd64', os.version: '10.0', java.version: '1.8.0_212'
Driver info: driver.version: unknown
at org.openqa.selenium.support.ui.Select.selectByVisibleText(Select.java:147)
at pages.FindMyNextElectionPage.selectStateDropdownOption(FindMyNextElectionPage.java:80)
at functionaltests.FindMyNextElectionPageEnterAddress.fillInOnlyStateField(FindMyNextElectionPageEnterAddress.java:57)
at sun.reflect.NativeMethodAccessorImpl.invoke0(Native Method)
at sun.reflect.NativeMethodAccessorImpl.invoke(Unknown Source)
at sun.reflect.DelegatingMethodAccessorImpl.invoke(Unknown Source)
at java.lang.reflect.Method.invoke(Unknown Source)
at org.testng.internal.MethodInvocationHelper.invokeMethod(MethodInvocationHelper.java:133)
at org.testng.internal.TestInvoker.invokeMethod(TestInvoker.java:584)
at org.testng.internal.TestInvoker.invokeTestMethod(TestInvoker.java:172)
at org.testng.internal.MethodRunner.runInSequence(MethodRunner.java:46)
at org.testng.internal.TestInvoker$MethodInvocationAgent.invoke(TestInvoker.java:804)
at org.testng.internal.TestInvoker.invokeTestMethods(TestInvoker.java:145)
at org.testng.internal.TestMethodWorker.invokeTestMethods(TestMethodWorker.java:146)
at org.testng.internal.TestMethodWorker.run(TestMethodWorker.java:128)
at java.util.ArrayList.forEach(Unknown Source)
at org.testng.TestRunner.privateRun(TestRunner.java:770)
at org.testng.TestRunner.run(TestRunner.java:591)
at org.testng.SuiteRunner.runTest(SuiteRunner.java:402)
at org.testng.SuiteRunner.runSequentially(SuiteRunner.java:396)
at org.testng.SuiteRunner.privateRun(SuiteRunner.java:355)
at org.testng.SuiteRunner.run(SuiteRunner.java:304)
at org.testng.SuiteRunnerWorker.runSuite(SuiteRunnerWorker.java:53)
at org.testng.SuiteRunnerWorker.run(SuiteRunnerWorker.java:96)
at org.testng.TestNG.runSuitesSequentially(TestNG.java:1180)
at org.testng.TestNG.runSuitesLocally(TestNG.java:1102)
at org.testng.TestNG.runSuites(TestNG.java:1032)
at org.testng.TestNG.run(TestNG.java:1000)
at org.testng.remote.AbstractRemoteTestNG.run(AbstractRemoteTestNG.java:115)
at org.testng.remote.RemoteTestNG.initAndRun(RemoteTestNG.java:251)
at org.testng.remote.RemoteTestNG.main(RemoteTestNG.java:77)
]]>
    </error>
  </testcase> <!-- fillInOnlyStateField -->
  <testcase name="fillInOnlyStreetField" time="3.802" classname="functionaltests.FindMyNextElectionPageEnterAddress"/>
  <testcase name="fillInOnlyCityField" time="4.032" classname="functionaltests.FindMyNextElectionPageEnterAddress"/>
  <testcase name="fillInOnlyZipField" time="3.816" classname="functionaltests.FindMyNextElectionPageEnterAddress"/>
  <testcase name="fillInOnlyStreet2Field" time="3.875" classname="functionaltests.FindMyNextElectionPageEnterAddress"/>
  <testcase name="fillInOnlyZipField" time="3.785" classname="functionaltests.FindMyNextElectionPageEnterAddress"/>
</testsuite> <!-- functionaltests.FindMyNextElectionPageEnterAddress -->
